<?xml version="1.0" encoding="UTF-8"?>
<!-- Generated by org.testng.reporters.JUnitReportReporter -->
<testsuite skipped="0" hostname="LAPTOP-18RNGHUF" name="application.HomePage" tests="2" failures="0" timestamp="26 Jun 2019 19:56:53 GMT" time="11.504" errors="0">
  <testcase name="signinToApp" time="4.351" classname="application.HomePage"/>
  <testcase name="signinToApp" time="7.153" classname="application.HomePage"/>
</testsuite> <!-- application.HomePage -->
